<?xml version="1.0" encoding="UTF-8"?>
<testsuite name="com.example.AppTest" tests="1" skipped="0" failures="0" errors="0" timestamp="2023-06-19T09:38:56" hostname="MASTAFF-Leo-Hetsch-Q4C21QXL9G.local" time="0.03">
  <properties/>
  <testcase name="testReturnsHello()" classname="com.example.AppTest" time="0.03"/>
  <system-out><![CDATA[]]></system-out>
  <system-err><![CDATA[]]></system-err>
</testsuite>
